11-Jan-2025 18:41:23.064 INFORMACIÓN [main] org.apache.catalina.startup.VersionLoggerListener.log Nombre de la versión del servidor: Apache Tomcat/9.0.98
11-Jan-2025 18:41:23.064 INFORMACIÓN [main] org.apache.catalina.startup.VersionLoggerListener.log Server built:                      Dec 5 2024 19:50:29 UTC
11-Jan-2025 18:41:23.064 INFORMACIÓN [main] org.apache.catalina.startup.VersionLoggerListener.log Número de versión de servidor:     9.0.98.0
11-Jan-2025 18:41:23.064 INFORMACIÓN [main] org.apache.catalina.startup.VersionLoggerListener.log OS Name:                           Windows 11
11-Jan-2025 18:41:23.064 INFORMACIÓN [main] org.apache.catalina.startup.VersionLoggerListener.log Versión de Systema Operativo:      10.0
11-Jan-2025 18:41:23.064 INFORMACIÓN [main] org.apache.catalina.startup.VersionLoggerListener.log Arquitectura:                      x86
11-Jan-2025 18:41:23.077 INFORMACIÓN [main] org.apache.catalina.startup.VersionLoggerListener.log Java Home:                         C:\java\jdk8\jre
11-Jan-2025 18:41:23.077 INFORMACIÓN [main] org.apache.catalina.startup.VersionLoggerListener.log JVM Version:                       1.8.0_401-b10
11-Jan-2025 18:41:23.077 INFORMACIÓN [main] org.apache.catalina.startup.VersionLoggerListener.log Vededor JVM:                       Oracle Corporation
11-Jan-2025 18:41:23.077 INFORMACIÓN [main] org.apache.catalina.startup.VersionLoggerListener.log CATALINA_BASE:                     C:\apache\tomcat\catalina_bases\tomcat_9_catalina_base_configuration_7
11-Jan-2025 18:41:23.077 INFORMACIÓN [main] org.apache.catalina.startup.VersionLoggerListener.log CATALINA_HOME:                     C:\apache\tomcat\apache-tomcat-9.0.98
11-Jan-2025 18:41:23.112 INFORMACIÓN [main] org.apache.catalina.startup.VersionLoggerListener.log Command line argument:             -Djava.util.logging.config.file=C:\apache\tomcat\catalina_bases\tomcat_9_catalina_base_configuration_7\conf\logging.properties
11-Jan-2025 18:41:23.112 INFORMACIÓN [main] org.apache.catalina.startup.VersionLoggerListener.log Command line argument:             -Djava.util.logging.manager=org.apache.juli.ClassLoaderLogManager
11-Jan-2025 18:41:23.112 INFORMACIÓN [main] org.apache.catalina.startup.VersionLoggerListener.log Command line argument:             -Djdk.tls.ephemeralDHKeySize=2048
11-Jan-2025 18:41:23.112 INFORMACIÓN [main] org.apache.catalina.startup.VersionLoggerListener.log Command line argument:             -Djava.protocol.handler.pkgs=org.apache.catalina.webresources
11-Jan-2025 18:41:23.112 INFORMACIÓN [main] org.apache.catalina.startup.VersionLoggerListener.log Command line argument:             -Dignore.endorsed.dirs=
11-Jan-2025 18:41:23.112 INFORMACIÓN [main] org.apache.catalina.startup.VersionLoggerListener.log Command line argument:             -Dcatalina.base=C:\apache\tomcat\catalina_bases\tomcat_9_catalina_base_configuration_7
11-Jan-2025 18:41:23.112 INFORMACIÓN [main] org.apache.catalina.startup.VersionLoggerListener.log Command line argument:             -Dcatalina.home=C:\apache\tomcat\apache-tomcat-9.0.98
11-Jan-2025 18:41:23.112 INFORMACIÓN [main] org.apache.catalina.startup.VersionLoggerListener.log Command line argument:             -Djava.io.tmpdir=C:\apache\tomcat\catalina_bases\tomcat_9_catalina_base_configuration_7\temp
11-Jan-2025 18:41:23.133 INFORMACIÓN [main] org.apache.catalina.core.AprLifecycleListener.lifecycleEvent La biblioteca nativa de Apache Tomcat basada en ARP que permite un rendimiento óptimo en entornos de desarrollo no ha sido hallada en java.library.path: [C:\java\jdk8\bin;C:\Windows\Sun\Java\bin;C:\Windows\system32;C:\Windows;C:\ProgramData\Oracle\Java\javapath;C:\java\jdk8;C:\Windows\system32;C:\Windows;C:\Windows\System32\Wbem;C:\Windows\System32\WindowsPowerShell\v1.0\;C:\Windows\System32\OpenSSH\;C:\Program Files (x86)\Common Files\Oracle\Java\javapath;C:\apache\ant\apache-ant-1.10.15\bin;C:\Users\thoma\AppData\Local\Microsoft\WindowsApps;C:\java\jdk8;C:\apache\ant\apache-ant-1.10.15\bin;;.]
11-Jan-2025 18:41:24.278 INFORMACIÓN [main] org.apache.coyote.AbstractProtocol.init Inicializando el manejador de protocolo ["http-nio-8080"]

11-Jan-2025 18:41:24.357 INFORMACIÓN [main] org.apache.catalina.startup.Catalina.load Server initialization in [1562] milliseconds
11-Jan-2025 18:41:24.498 INFORMACIÓN [main] org.apache.catalina.core.StandardService.startInternal Arrancando servicio [Catalina]
11-Jan-2025 18:41:24.498 INFORMACIÓN [main] org.apache.catalina.core.StandardEngine.startInternal Starting Servlet engine: [Apache Tomcat/9.0.98]
11-Jan-2025 18:41:24.514 INFORMACIÓN [main] org.apache.catalina.startup.HostConfig.deployDirectory Desplegando el directorio [C:\apache\tomcat\catalina_bases\tomcat_9_catalina_base_configuration_7\webapps\docs] de la aplicación web
11-Jan-2025 18:41:24.814 INFORMACIÓN [main] org.apache.jasper.servlet.TldScanner.scanJars Al menos un JAR, que se ha explorado buscando TLDs, aún no contenía TLDs. Activar historial de depuración para este historiador para una completa lista de los JARs que fueron explorados y de los que nos se halló TLDs. Saltarse JARs no necesarios durante la exploración puede dar lugar a una mejora de tiempo significativa en el arranque y compilación de JSP .
11-Jan-2025 18:41:25.019 ADVERTENCIA [main] org.apache.catalina.util.SessionIdGeneratorBase.createSecureRandom Creation of SecureRandom instance for session ID generation using [SHA1PRNG] took [174] milliseconds.
11-Jan-2025 18:41:25.037 INFORMACIÓN [main] org.apache.catalina.startup.HostConfig.deployDirectory Deployment of web application directory [C:\apache\tomcat\catalina_bases\tomcat_9_catalina_base_configuration_7\webapps\docs] has finished in [523] ms
11-Jan-2025 18:41:25.037 INFORMACIÓN [main] org.apache.catalina.startup.HostConfig.deployDirectory Desplegando el directorio [C:\apache\tomcat\catalina_bases\tomcat_9_catalina_base_configuration_7\webapps\examples] de la aplicación web
11-Jan-2025 18:41:25.352 INFORMACIÓN [main] org.apache.jasper.servlet.TldScanner.scanJars Al menos un JAR, que se ha explorado buscando TLDs, aún no contenía TLDs. Activar historial de depuración para este historiador para una completa lista de los JARs que fueron explorados y de los que nos se halló TLDs. Saltarse JARs no necesarios durante la exploración puede dar lugar a una mejora de tiempo significativa en el arranque y compilación de JSP .
11-Jan-2025 18:41:25.400 INFORMACIÓN [main] org.apache.catalina.startup.HostConfig.deployDirectory Deployment of web application directory [C:\apache\tomcat\catalina_bases\tomcat_9_catalina_base_configuration_7\webapps\examples] has finished in [363] ms
11-Jan-2025 18:41:25.400 INFORMACIÓN [main] org.apache.catalina.startup.HostConfig.deployDirectory Desplegando el directorio [C:\apache\tomcat\catalina_bases\tomcat_9_catalina_base_configuration_7\webapps\host-manager] de la aplicación web
11-Jan-2025 18:41:25.437 INFORMACIÓN [main] org.apache.jasper.servlet.TldScanner.scanJars Al menos un JAR, que se ha explorado buscando TLDs, aún no contenía TLDs. Activar historial de depuración para este historiador para una completa lista de los JARs que fueron explorados y de los que nos se halló TLDs. Saltarse JARs no necesarios durante la exploración puede dar lugar a una mejora de tiempo significativa en el arranque y compilación de JSP .
11-Jan-2025 18:41:25.437 INFORMACIÓN [main] org.apache.catalina.startup.HostConfig.deployDirectory Deployment of web application directory [C:\apache\tomcat\catalina_bases\tomcat_9_catalina_base_configuration_7\webapps\host-manager] has finished in [37] ms
11-Jan-2025 18:41:25.437 INFORMACIÓN [main] org.apache.catalina.startup.HostConfig.deployDirectory Desplegando el directorio [C:\apache\tomcat\catalina_bases\tomcat_9_catalina_base_configuration_7\webapps\manager] de la aplicación web
11-Jan-2025 18:41:25.463 INFORMACIÓN [main] org.apache.jasper.servlet.TldScanner.scanJars Al menos un JAR, que se ha explorado buscando TLDs, aún no contenía TLDs. Activar historial de depuración para este historiador para una completa lista de los JARs que fueron explorados y de los que nos se halló TLDs. Saltarse JARs no necesarios durante la exploración puede dar lugar a una mejora de tiempo significativa en el arranque y compilación de JSP .
11-Jan-2025 18:41:25.463 INFORMACIÓN [main] org.apache.catalina.startup.HostConfig.deployDirectory Deployment of web application directory [C:\apache\tomcat\catalina_bases\tomcat_9_catalina_base_configuration_7\webapps\manager] has finished in [26] ms
11-Jan-2025 18:41:25.463 INFORMACIÓN [main] org.apache.catalina.startup.HostConfig.deployDirectory Desplegando el directorio [C:\apache\tomcat\catalina_bases\tomcat_9_catalina_base_configuration_7\webapps\ROOT] de la aplicación web
11-Jan-2025 18:41:25.479 INFORMACIÓN [main] org.apache.jasper.servlet.TldScanner.scanJars Al menos un JAR, que se ha explorado buscando TLDs, aún no contenía TLDs. Activar historial de depuración para este historiador para una completa lista de los JARs que fueron explorados y de los que nos se halló TLDs. Saltarse JARs no necesarios durante la exploración puede dar lugar a una mejora de tiempo significativa en el arranque y compilación de JSP .
11-Jan-2025 18:41:25.479 INFORMACIÓN [main] org.apache.catalina.startup.HostConfig.deployDirectory Deployment of web application directory [C:\apache\tomcat\catalina_bases\tomcat_9_catalina_base_configuration_7\webapps\ROOT] has finished in [16] ms
11-Jan-2025 18:41:25.479 INFORMACIÓN [main] org.apache.coyote.AbstractProtocol.start Starting ProtocolHandler ["http-nio-8080"]
11-Jan-2025 18:41:25.538 INFORMACIÓN [main] org.apache.catalina.startup.Catalina.start Server startup in [1171] milliseconds
